<?xml version="1.0" encoding="UTF-8"?>
<!-- Generated by org.testng.reporters.JUnitXMLReporter -->
<testsuite ignored="2" hostname="DESKTOP-NCHRHGP" failures="2" tests="2" name="Test(failed)" time="0.068" errors="0" timestamp="2021-05-25T22:36:55 IST">
  <testcase classname="rerunTest_method1.Test1" name="TestMethod1" time="0.009">
    <failure type="java.lang.AssertionError" message="expected [true] but found [false]">
      <![CDATA[java.lang.AssertionError: expected [true] but found [false]
at rerunTest_method1.Test1.TestMethod1(Test1.java:12)
at java.base/java.util.ArrayList.forEach(ArrayList.java:1511)
... Removed 31 stack frames]]>
    </failure>
  </testcase> <!-- TestMethod1 -->
  <testcase classname="rerunTest_method1.Test3" name="TestMethod6" time="0.001">
    <failure type="java.lang.AssertionError" message="expected [true] but found [false]">
      <![CDATA[java.lang.AssertionError: expected [true] but found [false]
at rerunTest_method1.Test3.TestMethod6(Test3.java:17)
at java.base/java.util.ArrayList.forEach(ArrayList.java:1511)
... Removed 31 stack frames]]>
    </failure>
  </testcase> <!-- TestMethod6 -->
  <testcase classname="rerunTest_method1.Test3" name="TestMethod5" time="0.0">
    <ignored/>
  </testcase> <!-- TestMethod5 -->
  <testcase classname="rerunTest_method1.Test1" name="TestMethod2" time="0.0">
    <ignored/>
  </testcase> <!-- TestMethod2 -->
</testsuite> <!-- Test(failed) -->
