<?xml version="1.0" encoding="UTF-8"?>
<testng-results ignored="0" total="1" passed="1" failed="0" skipped="0">
  <reporter-output>
  </reporter-output>
  <suite started-at="2021-07-27T17:24:21 IST" name="Default suite" finished-at="2021-07-27T17:24:22 IST" duration-ms="639">
    <groups>
    </groups>
    <test started-at="2021-07-27T17:24:21 IST" name="Default test" finished-at="2021-07-27T17:24:22 IST" duration-ms="639">
      <class name="rerunTest_method3.ExtentReportClass">
        <test-method signature="MyFirstReport()[pri:0, instance:rerunTest_method3.ExtentReportClass@12b0404f]" started-at="2021-07-27T17:24:21 IST" name="MyFirstReport" finished-at="2021-07-27T17:24:22 IST" duration-ms="605" status="PASS">
          <reporter-output>
          </reporter-output>
        </test-method> <!-- MyFirstReport -->
      </class> <!-- rerunTest_method3.ExtentReportClass -->
    </test> <!-- Default test -->
  </suite> <!-- Default suite -->
</testng-results>
